<?xml version="1.0" encoding="UTF-8"?>
<!-- Generated by org.testng.reporters.JUnitReportReporter -->
<testsuite hostname="ANITHA" failures="0" tests="2" name="pac1.ContactTest" time="0.012" errors="0" timestamp="2025-01-30T16:17:06 IST" skipped="0">
  <testcase classname="pac1.ContactTest" name="CreateContactTest" time="0.011"/>
  <testcase classname="pac1.ContactTest" name="ModifyContactTest" time="0.001"/>
</testsuite> <!-- pac1.ContactTest -->
